<html>
<head>
<title>TestNG:  Run On Chrome</title>
<link href="../testng.css" rel="stylesheet" type="text/css" />
<link href="../my-testng.css" rel="stylesheet" type="text/css" />

<style type="text/css">
.log { display: none;} 
.stack-trace { display: none;} 
</style>
<script type="text/javascript">
<!--
function flip(e) {
  current = e.style.display;
  if (current == 'block') {
    e.style.display = 'none';
    return 0;
  }
  else {
    e.style.display = 'block';
    return 1;
  }
}

function toggleBox(szDivId, elem, msg1, msg2)
{
  var res = -1;  if (document.getElementById) {
    res = flip(document.getElementById(szDivId));
  }
  else if (document.all) {
    // this is the way old msie versions work
    res = flip(document.all[szDivId]);
  }
  if(elem) {
    if(res == 0) elem.innerHTML = msg1; else elem.innerHTML = msg2;
  }

}

function toggleAllBoxes() {
  if (document.getElementsByTagName) {
    d = document.getElementsByTagName('div');
    for (i = 0; i < d.length; i++) {
      if (d[i].className == 'log') {
        flip(d[i]);
      }
    }
  }
}

// -->
</script>

</head>
<body>
<h2 align='center'>Run On Chrome</h2><table border='1' align="center">
<tr>
<td>Tests passed/Failed/Skipped:</td><td>0/1/0</td>
</tr><tr>
<td>Started on:</td><td>Fri Oct 15 22:49:18 ICT 2021</td>
</tr>
<tr><td>Total time:</td><td>34 seconds (34264 ms)</td>
</tr><tr>
<td>Included groups:</td><td></td>
</tr><tr>
<td>Excluded groups:</td><td></td>
</tr>
</table><p/>
<small><i>(Hover the method name to see the test class name)</i></small><p/>
<table width='100%' border='1' class='invocation-failed'>
<tr><td colspan='4' align='center'><b>FAILED TESTS</b></td></tr>
<tr><td><b>Test method</b></td>
<td width="30%"><b>Exception</b></td>
<td width="10%"><b>Time (seconds)</b></td>
<td><b>Instance</b></td>
</tr>
<tr>
<td title='com.hrm.employee.Level_16_Live_Coding.Employee_01_Add_New_Employees()'><b>Employee_01_Add_New_Employees</b><br>Test class: com.hrm.employee.Level_16_Live_Coding<br/>
<a href="#Output-1345069688" onClick='toggleBox("Output-1345069688", this, "Show output", "Hide output");'>Show output</a>

<a href="#Output-1345069688" onClick="toggleAllBoxes();">Show all outputs</a>
<div class='log' id="Output-1345069688">
[INFO ] [2021-10-15 22:49:35,041] 01_Add_New - Step 01: Open 'Employee List' 
<br><br/>
[INFO ] [2021-10-15 22:49:37,987] 01_Add_New - Step 02: Click to 'Add' button 
<br><br/>
[INFO ] [2021-10-15 22:49:39,178] 01_Add_New - Step 03: Input valid info 'FirstName' textbox
<br><br/>
[INFO ] [2021-10-15 22:49:39,423] 01_Add_New - Step 04: Input valid info 'LastName' textbox
<br><br/>
[INFO ] [2021-10-15 22:49:39,645] 01_Add_New - Step 05: Get value of 'Employee ID'
<br><br/>
[INFO ] [2021-10-15 22:49:39,723] 01_Add_New - Step 06: Click to 'Create Login Details' checkbox
<br><br/>
[INFO ] [2021-10-15 22:49:39,908] 01_Add_New - Step 07: Input valid info 'User Name'
<br><br/>
[INFO ] [2021-10-15 22:49:40,125] 01_Add_New - Step 08: Input valid info 'Password'
<br><br/>
[INFO ] [2021-10-15 22:49:40,355] 01_Add_New - Step 09: Input 'Confirm Password'
<br><br/>
[INFO ] [2021-10-15 22:49:40,570] 01_Add_New - Step 10: Select 'Enabled' at 'Status' dropdown
<br><br/>
[INFO ] [2021-10-15 22:49:40,716] 01_Add_New - Step 11: Click to 'Save' button
<br><br/>
[INFO ] [2021-10-15 22:49:40,872] 01_Add_New - Step 12: Back 'Employee List' 
<br><br/>
[INFO ] [2021-10-15 22:49:43,251] 01_Add_New - Step 13: Input valid info to 'Employee Name' textbox 
<br><br/>
[INFO ] [2021-10-15 22:49:49,520] 01_Add_New - Step 14: Click to 'Search' button
<br><br/>
[INFO ] [2021-10-15 22:49:51,525]  -------------------------- PASSED -------------------------- 
<br><br/>
[INFO ] [2021-10-15 22:49:51,536] 01_Add_New - Step 15: Verify Employee Info at Result Table
<br><br/>
[INFO ] [2021-10-15 22:49:51,637]  -------------------------- FAILED -------------------------- 
<br><br/>
[INFO ] [2021-10-15 22:49:51,734]  -------------------------- PASSED -------------------------- 
<br><br/>
[INFO ] [2021-10-15 22:49:51,828]  -------------------------- PASSED -------------------------- 
<br><br/>
<br><a target="_blank" href="file:///D:\Selenium-WebDriver-Class22\04-Maven Hydrid Framework\ReportNGScreenShots\Employee_01_Add_New_Employees_15_10_2021_10_49_51.png"><img src="file:///D:\Selenium-WebDriver-Class22\04-Maven Hydrid Framework\ReportNGScreenShots\Employee_01_Add_New_Employees_15_10_2021_10_49_51.png" height='100' width='150'/> </a></br><br/>
</div>
</td>
<td><div><pre>java.lang.AssertionError: expected [0261] but found [0260]
	at commons.BaseTest.checkEquals(BaseTest.java:233)
	at commons.BaseTest.verifyEquals(BaseTest.java:245)
	at com.hrm.employee.Level_16_Live_Coding.Employee_01_Add_New_Employees(Level_16_Live_Coding.java:202)
... Removed 30 stack frames</pre></div><a href='#' onClick='toggleBox("stack-trace1345069688", this, "Click to show all stack frames", "Click to hide stack frames")'>Click to show all stack frames</a>
<div class='stack-trace' id='stack-trace1345069688'><pre>java.lang.AssertionError: expected [0261] but found [0260]
	at org.testng.Assert.fail(Assert.java:96)
	at org.testng.Assert.failNotEquals(Assert.java:776)
	at org.testng.Assert.assertEqualsImpl(Assert.java:137)
	at org.testng.Assert.assertEquals(Assert.java:118)
	at org.testng.Assert.assertEquals(Assert.java:442)
	at commons.BaseTest.checkEquals(BaseTest.java:233)
	at commons.BaseTest.verifyEquals(BaseTest.java:245)
	at com.hrm.employee.Level_16_Live_Coding.Employee_01_Add_New_Employees(Level_16_Live_Coding.java:202)
	at java.base/jdk.internal.reflect.NativeMethodAccessorImpl.invoke0(Native Method)
	at java.base/jdk.internal.reflect.NativeMethodAccessorImpl.invoke(NativeMethodAccessorImpl.java:64)
	at java.base/jdk.internal.reflect.DelegatingMethodAccessorImpl.invoke(DelegatingMethodAccessorImpl.java:43)
	at java.base/java.lang.reflect.Method.invoke(Method.java:564)
	at org.testng.internal.MethodInvocationHelper.invokeMethod(MethodInvocationHelper.java:124)
	at org.testng.internal.Invoker.invokeMethod(Invoker.java:583)
	at org.testng.internal.Invoker.invokeTestMethod(Invoker.java:719)
	at org.testng.internal.Invoker.invokeTestMethods(Invoker.java:989)
	at org.testng.internal.TestMethodWorker.invokeTestMethods(TestMethodWorker.java:125)
	at org.testng.internal.TestMethodWorker.run(TestMethodWorker.java:109)
	at org.testng.TestRunner.privateRun(TestRunner.java:648)
	at org.testng.TestRunner.run(TestRunner.java:505)
	at org.testng.SuiteRunner.runTest(SuiteRunner.java:455)
	at org.testng.SuiteRunner.runSequentially(SuiteRunner.java:450)
	at org.testng.SuiteRunner.privateRun(SuiteRunner.java:415)
	at org.testng.SuiteRunner.run(SuiteRunner.java:364)
	at org.testng.SuiteRunnerWorker.runSuite(SuiteRunnerWorker.java:52)
	at org.testng.SuiteRunnerWorker.run(SuiteRunnerWorker.java:84)
	at org.testng.TestNG.runSuitesSequentially(TestNG.java:1208)
	at org.testng.TestNG.runSuitesLocally(TestNG.java:1137)
	at org.testng.TestNG.runSuites(TestNG.java:1049)
	at org.testng.TestNG.run(TestNG.java:1017)
	at org.testng.remote.AbstractRemoteTestNG.run(AbstractRemoteTestNG.java:115)
	at org.testng.remote.RemoteTestNG.initAndRun(RemoteTestNG.java:251)
	at org.testng.remote.RemoteTestNG.main(RemoteTestNG.java:77)
</pre></div></td>
<td>16</td>
<td>com.hrm.employee.Level_16_Live_Coding@2e23c180</td></tr>
</table><p>
</body>
</html>